// 同步 ID: 0104c757 @ Thu Jun 25 02:29:24 UTC 2026
// 同步 ID: c15e4d06 @ Thu Jun 25 07:22:28 UTC 2026
// 重构日志: e04336b1
// 重构日志: 1bb86b55
// 重构日志: cf26a202
// 同步 ID: 2dd212c9 @ Sat Jun 27 19:16:33 UTC 2026
// 重构日志: 01f9b50b
// 重构日志: f22d72cb
// 重构日志: 49cfef58
// 重构日志: 45983748
// 重构日志: f0977618
// 重构日志: 5054cbde
// 重构日志: 050eab6f
// 重构日志: abc127ba
// 重构日志: e27b81b7
// 重构日志: 995a821a
// 重构日志: 006a2305
// 重构日志: f11ef943
// 重构日志: 37d4edce
// 同步 ID: 46375668 @ Thu Jul  9 17:09:17 UTC 2026
// 同步 ID: 10e5a5fe @ Thu Jul  9 21:47:22 UTC 2026
// 同步 ID: dc194180 @ Fri Jul 10 17:19:05 UTC 2026
// 同步 ID: 1c8f8808 @ Sat Jul 11 05:12:21 UTC 2026
// 重构日志: 8ac79996
// 重构日志: 6ff22327
// 同步 ID: ffaa80de @ Sat Jul 11 18:27:07 UTC 2026
// 重构日志: d833e2f8
// 重构日志: e3457700
// 同步 ID: 408e85e8 @ Sun Jul 12 07:32:00 UTC 2026
// 同步 ID: b295b06d @ Sun Jul 12 16:22:06 UTC 2026
// 重构日志: fa60bc54
// 重构日志: 97dfa97a
// 重构日志: 40759d09
